# JRE version: OpenJDK Runtime Environment (15.0.1+9) (build 15.0.1+9-18)
# Java VM: OpenJDK 64-Bit Server VM (15.0.1+9-18, mixed mode, sharing, tiered, compressed oops, g1 gc, windows-amd64)
GC Precious Log:
 CPUs: 8 total, 8 available
 Memory: 32638M
 Large Page Support: Disabled
 NUMA Support: Disabled
 Compressed Oops: Enabled (Zero based)
 Heap Region Size: 4M
 Heap Min Capacity: 8M
 Heap Initial Capacity: 512M
 Heap Max Capacity: 8160M
 Pre-touch: Disabled
 Parallel Workers: 8
 Concurrent Workers: 2
 Concurrent Refinement Workers: 8
 Periodic GC: Disabled
Heap:
 garbage-first heap   total 950272K, used 664663K [0x0000000602000000, 0x0000000800000000)
  region size 4096K, 39 young (159744K), 1 survivors (4096K)
 Metaspace       used 139489K, capacity 142498K, committed 142600K, reserved 1173504K
  class space    used 17203K, capacity 18331K, committed 18388K, reserved 1048576K
GC Heap History (20 events):
Event: 95.728 GC heap before
{Heap before GC invocations=128 (full 0):
 garbage-first heap   total 880640K, used 738871K [0x0000000602000000, 0x0000000800000000)
  region size 4096K, 74 young (303104K), 2 survivors (8192K)
 Metaspace       used 139378K, capacity 142374K, committed 142600K, reserved 1173504K
  class space    used 17196K, capacity 18323K, committed 18388K, reserved 1048576K
}
Event: 95.731 GC heap after
{Heap after GC invocations=129 (full 0):
 garbage-first heap   total 880640K, used 443907K [0x0000000602000000, 0x0000000800000000)
  region size 4096K, 1 young (4096K), 1 survivors (4096K)
 Metaspace       used 139378K, capacity 142374K, committed 142600K, reserved 1173504K
  class space    used 17196K, capacity 18323K, committed 18388K, reserved 1048576K
}
Event: 98.284 GC heap before
{Heap before GC invocations=130 (full 0):
 garbage-first heap   total 880640K, used 742915K [0x0000000602000000, 0x0000000800000000)
  region size 4096K, 75 young (307200K), 1 survivors (4096K)
 Metaspace       used 139378K, capacity 142374K, committed 142600K, reserved 1173504K
  class space    used 17196K, capacity 18323K, committed 18388K, reserved 1048576K
}
Event: 98.287 GC heap after
{Heap after GC invocations=131 (full 0):
 garbage-first heap   total 880640K, used 457122K [0x0000000602000000, 0x0000000800000000)
  region size 4096K, 5 young (20480K), 5 survivors (20480K)
 Metaspace       used 139378K, capacity 142374K, committed 142600K, reserved 1173504K
  class space    used 17196K, capacity 18323K, committed 18388K, reserved 1048576K
}
Event: 100.668 GC heap before
{Heap before GC invocations=131 (full 0):
 garbage-first heap   total 880640K, used 735650K [0x0000000602000000, 0x0000000800000000)
  region size 4096K, 74 young (303104K), 5 survivors (20480K)
 Metaspace       used 139378K, capacity 142374K, committed 142600K, reserved 1173504K
  class space    used 17196K, capacity 18323K, committed 18388K, reserved 1048576K
}
Event: 100.671 GC heap after
{Heap after GC invocations=132 (full 0):
 garbage-first heap   total 880640K, used 456247K [0x0000000602000000, 0x0000000800000000)
  region size 4096K, 4 young (16384K), 4 survivors (16384K)
 Metaspace       used 139378K, capacity 142374K, committed 142600K, reserved 1173504K
  class space    used 17196K, capacity 18323K, committed 18388K, reserved 1048576K
}
Event: 103.253 GC heap before
{Heap before GC invocations=133 (full 0):
 garbage-first heap   total 880640K, used 738871K [0x0000000602000000, 0x0000000800000000)
  region size 4096K, 74 young (303104K), 4 survivors (16384K)
 Metaspace       used 139383K, capacity 142374K, committed 142600K, reserved 1173504K
  class space    used 17196K, capacity 18323K, committed 18388K, reserved 1048576K
}
Event: 103.256 GC heap after
{Heap after GC invocations=134 (full 0):
 garbage-first heap   total 880640K, used 460035K [0x0000000602000000, 0x0000000800000000)
  region size 4096K, 5 young (20480K), 5 survivors (20480K)
 Metaspace       used 139383K, capacity 142374K, committed 142600K, reserved 1173504K
  class space    used 17196K, capacity 18323K, committed 18388K, reserved 1048576K
}
Event: 105.525 GC heap before
{Heap before GC invocations=134 (full 0):
 garbage-first heap   total 880640K, used 734467K [0x0000000602000000, 0x0000000800000000)
  region size 4096K, 73 young (299008K), 5 survivors (20480K)
 Metaspace       used 139383K, capacity 142374K, committed 142600K, reserved 1173504K
  class space    used 17196K, capacity 18323K, committed 18388K, reserved 1048576K
}
Event: 105.527 GC heap after
{Heap after GC invocations=135 (full 0):
 garbage-first heap   total 880640K, used 456247K [0x0000000602000000, 0x0000000800000000)
  region size 4096K, 4 young (16384K), 4 survivors (16384K)
 Metaspace       used 139383K, capacity 142374K, committed 142600K, reserved 1173504K
  class space    used 17196K, capacity 18323K, committed 18388K, reserved 1048576K
}
Event: 108.064 GC heap before
{Heap before GC invocations=136 (full 0):
 garbage-first heap   total 880640K, used 738871K [0x0000000602000000, 0x0000000800000000)
  region size 4096K, 74 young (303104K), 4 survivors (16384K)
 Metaspace       used 139383K, capacity 142374K, committed 142600K, reserved 1173504K
  class space    used 17196K, capacity 18323K, committed 18388K, reserved 1048576K
}
Event: 108.067 GC heap after
{Heap after GC invocations=137 (full 0):
 garbage-first heap   total 880640K, used 460180K [0x0000000602000000, 0x0000000800000000)
  region size 4096K, 5 young (20480K), 5 survivors (20480K)
 Metaspace       used 139383K, capacity 142374K, committed 142600K, reserved 1173504K
  class space    used 17196K, capacity 18323K, committed 18388K, reserved 1048576K
}
Event: 110.621 GC heap before
{Heap before GC invocations=137 (full 0):
 garbage-first heap   total 880640K, used 734612K [0x0000000602000000, 0x0000000800000000)
  region size 4096K, 73 young (299008K), 5 survivors (20480K)
 Metaspace       used 139383K, capacity 142374K, committed 142600K, reserved 1173504K
  class space    used 17196K, capacity 18323K, committed 18388K, reserved 1048576K
}
Event: 110.624 GC heap after
{Heap after GC invocations=138 (full 0):
 garbage-first heap   total 880640K, used 457917K [0x0000000602000000, 0x0000000800000000)
  region size 4096K, 5 young (20480K), 5 survivors (20480K)
 Metaspace       used 139383K, capacity 142374K, committed 142600K, reserved 1173504K
  class space    used 17196K, capacity 18323K, committed 18388K, reserved 1048576K
}
Event: 113.285 GC heap before
{Heap before GC invocations=139 (full 0):
 garbage-first heap   total 880640K, used 732349K [0x0000000602000000, 0x0000000800000000)
  region size 4096K, 73 young (299008K), 5 survivors (20480K)
 Metaspace       used 139384K, capacity 142374K, committed 142600K, reserved 1173504K
  class space    used 17196K, capacity 18323K, committed 18388K, reserved 1048576K
}
Event: 113.287 GC heap after
{Heap after GC invocations=140 (full 0):
 garbage-first heap   total 880640K, used 445451K [0x0000000602000000, 0x0000000800000000)
  region size 4096K, 2 young (8192K), 2 survivors (8192K)
 Metaspace       used 139384K, capacity 142374K, committed 142600K, reserved 1173504K
  class space    used 17196K, capacity 18323K, committed 18388K, reserved 1048576K
}
Event: 115.720 GC heap before
{Heap before GC invocations=140 (full 0):
 garbage-first heap   total 880640K, used 633867K [0x0000000602000000, 0x0000000800000000)
  region size 4096K, 50 young (204800K), 2 survivors (8192K)
 Metaspace       used 139384K, capacity 142374K, committed 142600K, reserved 1173504K
  class space    used 17196K, capacity 18323K, committed 18388K, reserved 1048576K
}
Event: 115.721 GC heap after
{Heap after GC invocations=141 (full 0):
 garbage-first heap   total 880640K, used 441901K [0x0000000602000000, 0x0000000800000000)
  region size 4096K, 1 young (4096K), 1 survivors (4096K)
 Metaspace       used 139384K, capacity 142374K, committed 142600K, reserved 1173504K
  class space    used 17196K, capacity 18323K, committed 18388K, reserved 1048576K
}
Event: 116.374 GC heap before
{Heap before GC invocations=142 (full 0):
 garbage-first heap   total 880640K, used 486957K [0x0000000602000000, 0x0000000800000000)
  region size 4096K, 11 young (45056K), 1 survivors (4096K)
 Metaspace       used 139394K, capacity 142387K, committed 142600K, reserved 1173504K
  class space    used 17198K, capacity 18326K, committed 18388K, reserved 1048576K
}
Event: 116.377 GC heap after
{Heap after GC invocations=143 (full 0):
 garbage-first heap   total 880640K, used 443479K [0x0000000602000000, 0x0000000800000000)
  region size 4096K, 1 young (4096K), 1 survivors (4096K)
 Metaspace       used 139394K, capacity 142387K, committed 142600K, reserved 1173504K
  class space    used 17198K, capacity 18326K, committed 18388K, reserved 1048576K
}

